<?xml version="1.0" encoding="UTF-8"?>
<testng-results skipped="0" failed="1" ignored="0" total="1" passed="0">
  <reporter-output>
  </reporter-output>
  <suite name="Default suite" duration-ms="4373" started-at="2018-02-14T18:25:14Z" finished-at="2018-02-14T18:25:18Z">
    <groups>
    </groups>
    <test name="Default test" duration-ms="4373" started-at="2018-02-14T18:25:14Z" finished-at="2018-02-14T18:25:18Z">
      <class name="Excercises.Excercise8_d">
        <test-method status="FAIL" signature="testExcercise6()[pri:0, instance:Excercises.Excercise8_d@45820e51]" name="testExcercise6" duration-ms="4350" started-at="2018-02-14T13:25:14Z" finished-at="2018-02-14T13:25:18Z">
          <exception class="org.openqa.selenium.remote.UnreachableBrowserException">
            <message>
              <![CDATA[Error communicating with the remote browser. It may have died.Build info: version: '2.52.0', revision: '4c2593cfc3689a7fcd7be52549167e5ccc93ad28', time: '2016-02-11 11:22:43'System info: host: 'GSOD-WCAMPBELL', ip: '10.238.243.180', os.name: 'Windows 7', os.arch: 'amd64', os.version: '6.1', java.version: '1.8.0_161'Driver info: driver.version: RemoteWebDriverCapabilities [{applicationCacheEnabled=false, rotatable=false, mobileEmulationEnabled=false, networkConnectionEnabled=false, chrome={chromedriverVersion=2.35.528161 (5b82f2d2aae0ca24b877009200ced9065a772e73), userDataDir=C:\Users\CRANST~1.BAS\AppData\Local\Temp\scoped_dir4820_22497}, takesHeapSnapshot=true, pageLoadStrategy=normal, databaseEnabled=false, handlesAlerts=true, hasTouchScreen=false, version=64.0.3282.167, platform=XP, browserConnectionEnabled=false, nativeEvents=true, acceptSslCerts=false, acceptInsecureCerts=false, locationContextEnabled=true, webStorageEnabled=true, browserName=chrome, takesScreenshot=true, javascriptEnabled=true, cssSelectorsEnabled=true, setWindowRect=true, unexpectedAlertBehaviour=}]Session ID: 20bc7e889379fd1db3827173e99df230]]>
            </message>
            <full-stacktrace>
              <![CDATA[org.openqa.selenium.remote.UnreachableBrowserException: Error communicating with the remote browser. It may have died.Build info: version: '2.52.0', revision: '4c2593cfc3689a7fcd7be52549167e5ccc93ad28', time: '2016-02-11 11:22:43'System info: host: 'GSOD-WCAMPBELL', ip: '10.238.243.180', os.name: 'Windows 7', os.arch: 'amd64', os.version: '6.1', java.version: '1.8.0_161'Driver info: driver.version: RemoteWebDriverCapabilities [{applicationCacheEnabled=false, rotatable=false, mobileEmulationEnabled=false, networkConnectionEnabled=false, chrome={chromedriverVersion=2.35.528161 (5b82f2d2aae0ca24b877009200ced9065a772e73), userDataDir=C:\Users\CRANST~1.BAS\AppData\Local\Temp\scoped_dir4820_22497}, takesHeapSnapshot=true, pageLoadStrategy=normal, databaseEnabled=false, handlesAlerts=true, hasTouchScreen=false, version=64.0.3282.167, platform=XP, browserConnectionEnabled=false, nativeEvents=true, acceptSslCerts=false, acceptInsecureCerts=false, locationContextEnabled=true, webStorageEnabled=true, browserName=chrome, takesScreenshot=true, javascriptEnabled=true, cssSelectorsEnabled=true, setWindowRect=true, unexpectedAlertBehaviour=}]Session ID: 20bc7e889379fd1db3827173e99df230at org.openqa.selenium.remote.RemoteWebDriver.execute(RemoteWebDriver.java:665)at org.openqa.selenium.remote.RemoteWebDriver.execute(RemoteWebDriver.java:701)at org.openqa.selenium.remote.RemoteWebDriver.quit(RemoteWebDriver.java:526)at Excercises.Excercise8_d.testExcercise6(Excercise8_d.java:27)at sun.reflect.NativeMethodAccessorImpl.invoke0(Native Method)at sun.reflect.NativeMethodAccessorImpl.invoke(Unknown Source)at sun.reflect.DelegatingMethodAccessorImpl.invoke(Unknown Source)at java.lang.reflect.Method.invoke(Unknown Source)at org.testng.internal.MethodInvocationHelper.invokeMethod(MethodInvocationHelper.java:124)at org.testng.internal.Invoker.invokeMethod(Invoker.java:571)at org.testng.internal.Invoker.invokeTestMethod(Invoker.java:707)at org.testng.internal.Invoker.invokeTestMethods(Invoker.java:979)at org.testng.internal.TestMethodWorker.invokeTestMethods(TestMethodWorker.java:125)at org.testng.internal.TestMethodWorker.run(TestMethodWorker.java:109)at org.testng.TestRunner.privateRun(TestRunner.java:648)at org.testng.TestRunner.run(TestRunner.java:505)at org.testng.SuiteRunner.runTest(SuiteRunner.java:455)at org.testng.SuiteRunner.runSequentially(SuiteRunner.java:450)at org.testng.SuiteRunner.privateRun(SuiteRunner.java:415)at org.testng.SuiteRunner.run(SuiteRunner.java:364)at org.testng.SuiteRunnerWorker.runSuite(SuiteRunnerWorker.java:52)at org.testng.SuiteRunnerWorker.run(SuiteRunnerWorker.java:84)at org.testng.TestNG.runSuitesSequentially(TestNG.java:1187)at org.testng.TestNG.runSuitesLocally(TestNG.java:1116)at org.testng.TestNG.runSuites(TestNG.java:1028)at org.testng.TestNG.run(TestNG.java:996)at org.testng.remote.AbstractRemoteTestNG.run(AbstractRemoteTestNG.java:114)at org.testng.remote.RemoteTestNG.initAndRun(RemoteTestNG.java:251)at org.testng.remote.RemoteTestNG.main(RemoteTestNG.java:77)Caused by: java.lang.RuntimeException: Process refused to die after 10 seconds, and couldn't taskkill it: Unable to find executable for: taskkillat org.openqa.selenium.os.ProcessUtils.killWinProcess(ProcessUtils.java:143)at org.openqa.selenium.os.ProcessUtils.killProcess(ProcessUtils.java:81)at org.openqa.selenium.os.UnixProcess$SeleniumWatchDog.destroyHarder(UnixProcess.java:247)at org.openqa.selenium.os.UnixProcess$SeleniumWatchDog.access$200(UnixProcess.java:201)at org.openqa.selenium.os.UnixProcess.destroy(UnixProcess.java:125)at org.openqa.selenium.os.CommandLine.destroy(CommandLine.java:155)at org.openqa.selenium.remote.service.DriverService.stop(DriverService.java:196)at org.openqa.selenium.remote.service.DriverCommandExecutor.execute(DriverCommandExecutor.java:94)at org.openqa.selenium.remote.RemoteWebDriver.execute(RemoteWebDriver.java:644)... 28 moreCaused by: java.lang.NullPointerException: Unable to find executable for: taskkillat com.google.common.base.Preconditions.checkNotNull(Preconditions.java:251)at org.openqa.selenium.os.UnixProcess.<init>(UnixProcess.java:62)at org.openqa.selenium.os.CommandLine.<init>(CommandLine.java:38)at org.openqa.selenium.os.WindowsUtils.killPID(WindowsUtils.java:178)at org.openqa.selenium.os.ProcessUtils.killWinProcess(ProcessUtils.java:138)... 36 more]]>
            </full-stacktrace>
          </exception> <!-- org.openqa.selenium.remote.UnreachableBrowserException -->
          <reporter-output>
          </reporter-output>
        </test-method> <!-- testExcercise6 -->
      </class> <!-- Excercises.Excercise8_d -->
    </test> <!-- Default test -->
  </suite> <!-- Default suite -->
</testng-results>
